<?xml version="1.0" encoding="UTF-8"?>
<!-- Generated by org.testng.reporters.JUnitReportReporter -->
<testsuite skipped="0" hostname="Anbreens-MacBook-Air.local" name="com.crm.qa.testcases.ContactsPageTest" tests="6" failures="0" timestamp="2019-12-28T23:09:20 GMT" time="56.640" errors="0">
  <testcase name="verifyContactsLabelTest" time="8.610" classname="com.crm.qa.testcases.ContactsPageTest"/>
  <testcase name="selectSingleContactsByNameTest" time="9.022" classname="com.crm.qa.testcases.ContactsPageTest"/>
  <testcase name="selectMutipleContactsByNameTest" time="9.348" classname="com.crm.qa.testcases.ContactsPageTest"/>
  <testcase name="validateCreateNewContactTest" time="9.969" classname="com.crm.qa.testcases.ContactsPageTest"/>
  <testcase name="validateCreateNewContactTest" time="10.716" classname="com.crm.qa.testcases.ContactsPageTest"/>
  <testcase name="validateCreateNewContactTest" time="8.975" classname="com.crm.qa.testcases.ContactsPageTest"/>
</testsuite> <!-- com.crm.qa.testcases.ContactsPageTest -->
