<?xml version="1.0" encoding="UTF-8"?>
<!-- Generated by org.testng.reporters.JUnitReportReporter -->
<testsuite skipped="0" hostname="Anbreens-MacBook-Air.local" name="com.crm.qa.testcases.ContactsPageTest" tests="1" failures="0" timestamp="29 Dec 2019 17:37:44 GMT" time="9.662" errors="0">
  <testcase name="verifyContactsLabelTest" time="9.662" classname="com.crm.qa.testcases.ContactsPageTest"/>
</testsuite> <!-- com.crm.qa.testcases.ContactsPageTest -->
