<?xml version="1.0" encoding="UTF-8"?>
<!-- Generated by org.testng.reporters.JUnitReportReporter -->
<testsuite skipped="0" hostname="Anbreens-MacBook-Air.local" name="com.crm.qa.testcases.HomePageTest" tests="1" failures="0" timestamp="29 Dec 2019 17:37:54 GMT" time="7.812" errors="0">
  <testcase name="verifyHomePageTitleTest" time="7.812" classname="com.crm.qa.testcases.HomePageTest"/>
</testsuite> <!-- com.crm.qa.testcases.HomePageTest -->
